<?xml version="1.0" encoding="UTF-8"?>
<!-- Generated by org.testng.reporters.JUnitXMLReporter -->
<testsuite ignored="0" hostname="GYANESH-PC" failures="0" tests="8" name="Dash Board Test" time="74.926" errors="0" timestamp="2021-10-07T16:58:08 IST">
  <testcase classname="test.DashBoardPageTest" name="dashBoardPageTitleTest" time="0.015"/>
  <testcase classname="test.DashBoardPageTest" name="headerTest" time="0.229"/>
  <testcase classname="test.DashBoardPageTest" name="addCandidateTest" time="10.501"/>
  <testcase classname="test.DashBoardPageTest" name="addCandidateTest" time="7.238"/>
  <testcase classname="test.DashBoardPageTest" name="addCandidateTest" time="6.438"/>
  <testcase classname="test.DashBoardPageTest" name="addCandidateTest" time="6.692"/>
  <testcase classname="test.DashBoardPageTest" name="addCandidateTest" time="6.711"/>
  <testcase classname="test.DashBoardPageTest" name="addCandidateTest" time="6.895"/>
</testsuite> <!-- Dash Board Test -->
