<?xml version="1.0" encoding="UTF-8"?>
<!-- Generated by org.testng.reporters.JUnitXMLReporter -->
<testsuite ignored="0" hostname="GYANESH-PC" failures="0" tests="4" name="Login Page Test" time="24.776" errors="0" timestamp="2021-10-07T16:56:53 IST">
  <testcase classname="test.LoginPageTest" name="loginPageTitleTest" time="0.041"/>
  <testcase classname="test.LoginPageTest" name="forgotPwdLinkTest" time="0.12"/>
  <testcase classname="test.LoginPageTest" name="logoTest" time="0.083"/>
  <testcase classname="test.LoginPageTest" name="loginTest" time="7.926"/>
</testsuite> <!-- Login Page Test -->
