<?xml version="1.0" encoding="UTF-8"?>
<!-- Generated by org.testng.reporters.JUnitXMLReporter -->
<testsuite ignored="0" hostname="GYANESH-PC" failures="0" tests="4" name="Login Page Test" time="49.391" errors="0" timestamp="2021-10-08T16:12:40 IST">
  <testcase classname="test.LoginPageTest" name="loginPageTitleTest" time="0.169"/>
  <testcase classname="test.LoginPageTest" name="forgotPwdLinkTest" time="0.527"/>
  <testcase classname="test.LoginPageTest" name="logoTest" time="0.157"/>
  <testcase classname="test.LoginPageTest" name="loginTest" time="11.894"/>
</testsuite> <!-- Login Page Test -->
