<?xml version="1.0" encoding="UTF-8"?>
<!-- Generated by org.testng.reporters.JUnitXMLReporter -->
<testsuite ignored="0" hostname="GYANESH-PC" failures="0" tests="4" name="Default test" time="63.112" errors="0" timestamp="2021-10-17T20:03:01 IST">
  <testcase classname="test.LoginPageTest" name="loginPageTitleTest" time="0.083"/>
  <testcase classname="test.LoginPageTest" name="forgotPwdLinkTest" time="0.089"/>
  <testcase classname="test.LoginPageTest" name="logoTest" time="0.062"/>
  <testcase classname="test.LoginPageTest" name="loginTest" time="4.819"/>
</testsuite> <!-- Default test -->
