<?xml version="1.0" encoding="UTF-8"?>
<!-- Generated by org.testng.reporters.JUnitXMLReporter -->
<testsuite ignored="0" hostname="GYANESH-PC" failures="0" tests="4" name="Default test" time="26.103" errors="0" timestamp="2021-10-07T08:19:06 IST">
  <testcase classname="test.LoginPageTest" name="loginPageTitleTest" time="0.039"/>
  <testcase classname="test.LoginPageTest" name="forgotPwdLinkTest" time="0.111"/>
  <testcase classname="test.LoginPageTest" name="logoTest" time="0.067"/>
  <testcase classname="test.LoginPageTest" name="loginTest" time="8.817"/>
</testsuite> <!-- Default test -->
