<?xml version="1.0" encoding="UTF-8"?>
<!-- Generated by org.testng.reporters.JUnitXMLReporter -->
<testsuite ignored="2" hostname="GYANESH-PC" failures="0" tests="12" name="Test" time="36.665" errors="0" timestamp="2021-10-07T08:22:26 IST">
  <testcase classname="test.DashBoardPageTest" name="@BeforeClass dashBoardPageSetup" time="0.0">
    <failure type="java.lang.NullPointerException" message="Cannot invoke &amp;quot;java.util.Properties.getProperty(String)&amp;quot; because &amp;quot;this.prop&amp;quot; is null">
      <![CDATA[java.lang.NullPointerException: Cannot invoke "java.util.Properties.getProperty(String)" because "this.prop" is null
at test.DashBoardPageTest.dashBoardPageSetup(DashBoardPageTest.java:14)
at java.base/java.util.ArrayList.forEach(ArrayList.java:1511)
... Removed 25 stack frames]]>
    </failure>
  </testcase> <!-- @BeforeClass dashBoardPageSetup -->
  <testcase classname="test.LoginPageTest" name="loginPageTitleTest" time="0.078"/>
  <testcase classname="test.LoginPageTest" name="forgotPwdLinkTest" time="0.591"/>
  <testcase classname="test.LoginPageTest" name="logoTest" time="0.16"/>
  <testcase classname="test.LoginPageTest" name="loginTest" time="12.253"/>
  <testcase classname="test.DashBoardPageTest" name="dashBoardPageTitleTest" time="0.0">
    <skipped/>
  </testcase> <!-- dashBoardPageTitleTest -->
  <testcase classname="test.DashBoardPageTest" name="headerTest" time="0.0">
    <skipped/>
  </testcase> <!-- headerTest -->
  <testcase classname="test.DashBoardPageTest" name="addCandidateTest" time="0.0">
    <skipped/>
  </testcase> <!-- addCandidateTest -->
  <testcase classname="test.DashBoardPageTest" name="addCandidateTest" time="0.0">
    <skipped/>
  </testcase> <!-- addCandidateTest -->
  <testcase classname="test.DashBoardPageTest" name="addCandidateTest" time="0.0">
    <skipped/>
  </testcase> <!-- addCandidateTest -->
  <testcase classname="test.DashBoardPageTest" name="addCandidateTest" time="0.0">
    <skipped/>
  </testcase> <!-- addCandidateTest -->
  <testcase classname="test.DashBoardPageTest" name="addCandidateTest" time="0.0">
    <skipped/>
  </testcase> <!-- addCandidateTest -->
  <testcase classname="test.DashBoardPageTest" name="addCandidateTest" time="0.0">
    <skipped/>
  </testcase> <!-- addCandidateTest -->
  <testcase classname="test.BaseTest" name="@AfterTest tearDown" time="0.0">
    <ignored/>
  </testcase> <!-- @AfterTest tearDown -->
  <testcase classname="test.BaseTest" name="@BeforeTest setUp" time="0.0">
    <ignored/>
  </testcase> <!-- @BeforeTest setUp -->
</testsuite> <!-- Test -->
