<?xml version="1.0" encoding="UTF-8"?>
<!-- Generated by org.testng.reporters.JUnitXMLReporter -->
<testsuite ignored="4" hostname="GYANESH-PC" failures="4" tests="12" name="Test" time="52.824" errors="0" timestamp="2021-10-07T16:47:31 IST">
  <testcase classname="test.DashBoardPageTest" name="@BeforeClass dashBoardPageSetup" time="0.0">
    <failure type="java.lang.NullPointerException" message="Cannot invoke &amp;quot;java.util.Properties.getProperty(String)&amp;quot; because &amp;quot;this.prop&amp;quot; is null">
      <![CDATA[java.lang.NullPointerException: Cannot invoke "java.util.Properties.getProperty(String)" because "this.prop" is null
at test.DashBoardPageTest.dashBoardPageSetup(DashBoardPageTest.java:14)
at java.base/java.util.ArrayList.forEach(ArrayList.java:1511)
... Removed 25 stack frames]]>
    </failure>
  </testcase> <!-- @BeforeClass dashBoardPageSetup -->
  <testcase classname="test.LoginPageTest" name="loginPageTitleTest" time="0.008">
    <failure type="java.lang.NullPointerException" message="Cannot invoke &amp;quot;pages.LoginPage.getLoginPageTitle()&amp;quot; because &amp;quot;this.loginPage&amp;quot; is null">
      <![CDATA[java.lang.NullPointerException: Cannot invoke "pages.LoginPage.getLoginPageTitle()" because "this.loginPage" is null
at test.LoginPageTest.loginPageTitleTest(LoginPageTest.java:10)
at java.base/java.util.ArrayList.forEach(ArrayList.java:1511)
... Removed 27 stack frames]]>
    </failure>
  </testcase> <!-- loginPageTitleTest -->
  <testcase classname="test.LoginPageTest" name="forgotPwdLinkTest" time="0.002">
    <failure type="java.lang.NullPointerException" message="Cannot invoke &amp;quot;pages.LoginPage.isForgotPwdLinkExist()&amp;quot; because &amp;quot;this.loginPage&amp;quot; is null">
      <![CDATA[java.lang.NullPointerException: Cannot invoke "pages.LoginPage.isForgotPwdLinkExist()" because "this.loginPage" is null
at test.LoginPageTest.forgotPwdLinkTest(LoginPageTest.java:17)
at java.base/java.util.ArrayList.forEach(ArrayList.java:1511)
... Removed 27 stack frames]]>
    </failure>
  </testcase> <!-- forgotPwdLinkTest -->
  <testcase classname="test.LoginPageTest" name="logoTest" time="0.004">
    <failure type="java.lang.NullPointerException" message="Cannot invoke &amp;quot;pages.LoginPage.isLogoExist()&amp;quot; because &amp;quot;this.loginPage&amp;quot; is null">
      <![CDATA[java.lang.NullPointerException: Cannot invoke "pages.LoginPage.isLogoExist()" because "this.loginPage" is null
at test.LoginPageTest.logoTest(LoginPageTest.java:22)
at java.base/java.util.ArrayList.forEach(ArrayList.java:1511)
... Removed 27 stack frames]]>
    </failure>
  </testcase> <!-- logoTest -->
  <testcase classname="test.LoginPageTest" name="loginTest" time="0.002">
    <failure type="java.lang.NullPointerException" message="Cannot invoke &amp;quot;java.util.Properties.getProperty(String)&amp;quot; because &amp;quot;this.prop&amp;quot; is null">
      <![CDATA[java.lang.NullPointerException: Cannot invoke "java.util.Properties.getProperty(String)" because "this.prop" is null
at test.LoginPageTest.loginTest(LoginPageTest.java:27)
at java.base/java.util.ArrayList.forEach(ArrayList.java:1511)
... Removed 27 stack frames]]>
    </failure>
  </testcase> <!-- loginTest -->
  <testcase classname="test.DashBoardPageTest" name="dashBoardPageTitleTest" time="0.0">
    <skipped/>
  </testcase> <!-- dashBoardPageTitleTest -->
  <testcase classname="test.DashBoardPageTest" name="headerTest" time="0.0">
    <skipped/>
  </testcase> <!-- headerTest -->
  <testcase classname="test.DashBoardPageTest" name="addCandidateTest" time="0.0">
    <skipped/>
  </testcase> <!-- addCandidateTest -->
  <testcase classname="test.DashBoardPageTest" name="addCandidateTest" time="0.0">
    <skipped/>
  </testcase> <!-- addCandidateTest -->
  <testcase classname="test.DashBoardPageTest" name="addCandidateTest" time="0.0">
    <skipped/>
  </testcase> <!-- addCandidateTest -->
  <testcase classname="test.DashBoardPageTest" name="addCandidateTest" time="0.0">
    <skipped/>
  </testcase> <!-- addCandidateTest -->
  <testcase classname="test.DashBoardPageTest" name="addCandidateTest" time="0.0">
    <skipped/>
  </testcase> <!-- addCandidateTest -->
  <testcase classname="test.DashBoardPageTest" name="addCandidateTest" time="0.0">
    <skipped/>
  </testcase> <!-- addCandidateTest -->
  <testcase classname="test.BaseTest" name="@AfterTest tearDown" time="0.0">
    <ignored/>
  </testcase> <!-- @AfterTest tearDown -->
  <testcase classname="test.BaseTest" name="@AfterTest tearDown" time="0.0">
    <ignored/>
  </testcase> <!-- @AfterTest tearDown -->
  <testcase classname="test.BaseTest" name="@BeforeTest setUp" time="0.0">
    <ignored/>
  </testcase> <!-- @BeforeTest setUp -->
  <testcase classname="test.BaseTest" name="@BeforeTest setUp" time="0.0">
    <ignored/>
  </testcase> <!-- @BeforeTest setUp -->
</testsuite> <!-- Test -->
