<?xml version="1.0" encoding="UTF-8"?>
<testng-results ignored="0" total="4" passed="4" failed="0" skipped="0">
  <reporter-output>
  </reporter-output>
  <suite started-at="2021-10-17T20:01:57 IST" name="Default suite" finished-at="2021-10-17T20:03:00 IST" duration-ms="63112">
    <groups>
    </groups>
    <test started-at="2021-10-17T20:01:57 IST" name="Default test" finished-at="2021-10-17T20:03:00 IST" duration-ms="63112">
      <class name="test.LoginPageTest">
        <test-method is-config="true" signature="setUp()[pri:0, instance:test.LoginPageTest@18d87d80]" started-at="2021-10-17T20:01:57 IST" name="setUp" finished-at="2021-10-17T20:02:46 IST" duration-ms="48206" status="PASS">
          <reporter-output>
          </reporter-output>
        </test-method> <!-- setUp -->
        <test-method signature="loginPageTitleTest()[pri:1, instance:test.LoginPageTest@18d87d80]" started-at="2021-10-17T20:02:46 IST" name="loginPageTitleTest" finished-at="2021-10-17T20:02:46 IST" duration-ms="83" status="PASS">
          <reporter-output>
          </reporter-output>
        </test-method> <!-- loginPageTitleTest -->
        <test-method signature="forgotPwdLinkTest()[pri:2, instance:test.LoginPageTest@18d87d80]" started-at="2021-10-17T20:02:46 IST" name="forgotPwdLinkTest" finished-at="2021-10-17T20:02:46 IST" duration-ms="89" status="PASS">
          <reporter-output>
          </reporter-output>
        </test-method> <!-- forgotPwdLinkTest -->
        <test-method signature="logoTest()[pri:3, instance:test.LoginPageTest@18d87d80]" started-at="2021-10-17T20:02:46 IST" name="logoTest" finished-at="2021-10-17T20:02:46 IST" duration-ms="62" status="PASS">
          <reporter-output>
          </reporter-output>
        </test-method> <!-- logoTest -->
        <test-method signature="loginTest()[pri:4, instance:test.LoginPageTest@18d87d80]" started-at="2021-10-17T20:02:46 IST" name="loginTest" finished-at="2021-10-17T20:02:51 IST" duration-ms="4819" status="PASS">
          <reporter-output>
          </reporter-output>
        </test-method> <!-- loginTest -->
        <test-method is-config="true" signature="tearDown()[pri:0, instance:test.LoginPageTest@18d87d80]" started-at="2021-10-17T20:02:51 IST" name="tearDown" finished-at="2021-10-17T20:03:00 IST" duration-ms="9775" status="PASS">
          <reporter-output>
          </reporter-output>
        </test-method> <!-- tearDown -->
      </class> <!-- test.LoginPageTest -->
    </test> <!-- Default test -->
  </suite> <!-- Default suite -->
</testng-results>
